2023-03-21 17:49:57 [INFO ] helpers.RequestHelper:sendRequest:47 Response body: {
    "error": "Book with id 1555 not found"
}
2023-03-21 17:51:00 [INFO ] helpers.RequestHelper:sendRequest:47 Response body: {
    "book": {
        "author": null,
        "id": 48,
        "isElectronicBook": false,
        "name": "Random Book",
        "year": 0
    }
}
2023-03-21 18:01:07 [INFO ] helpers.RequestHelper:sendRequest:47 Response body: {
    "book": {
        "author": "Новый автор",
        "id": 7,
        "isElectronicBook": true,
        "name": "Новое имя книги",
        "year": 0
    }
}
2023-03-22 09:44:35 [INFO ] helpers.RequestHelper:sendRequest:47 Response body: {
    "error": "Book with id 1555 not found"
}
2023-03-22 09:47:29 [INFO ] helpers.RequestHelper:sendRequest:47 Response body: <html lang="en">
  <head>
    <title>404 Not Found</title>
  </head>
  <body>
    <h1>Not Found</h1>
    <p>The requested URL was not found on the server. If you entered the URL manually please check your spelling and try again.</p>
  </body>
</html>
2023-03-22 09:48:15 [INFO ] helpers.RequestHelper:sendRequest:47 Response body: <html lang="en">
  <head>
    <title>404 Not Found</title>
  </head>
  <body>
    <h1>Not Found</h1>
    <p>The requested URL was not found on the server. If you entered the URL manually please check your spelling and try again.</p>
  </body>
</html>
2023-03-22 09:48:39 [INFO ] helpers.RequestHelper:sendRequest:47 Response body: <html lang="en">
  <head>
    <title>404 Not Found</title>
  </head>
  <body>
    <h1>Not Found</h1>
    <p>The requested URL was not found on the server. If you entered the URL manually please check your spelling and try again.</p>
  </body>
</html>
2023-03-22 09:53:31 [INFO ] helpers.RequestHelper:sendRequest:47 Response body: {
    "book": {
        "author": null,
        "id": 51,
        "isElectronicBook": false,
        "name": "Теория всего",
        "year": 0
    }
}
2023-03-22 09:57:59 [INFO ] helpers.RequestHelper:sendRequest:47 Response body: {
    "book": {
        "author": "Иван Петров",
        "id": 52,
        "isElectronicBook": true,
        "name": "Рандомная книга",
        "year": 1999
    }
}
2023-03-22 10:01:06 [INFO ] helpers.RequestHelper:sendRequest:47 Response body: <html lang="en">
  <head>
    <title>400 Bad Request</title>
  </head>
  <body>
    <h1>Bad Request</h1>
    <p>The browser (or proxy) sent a request that this server could not understand.</p>
  </body>
</html>
2023-03-22 10:05:28 [INFO ] helpers.RequestHelper:sendRequest:47 Response body: {
    "book": {
        "author": null,
        "id": 53,
        "isElectronicBook": false,
        "name": "Random Book",
        "year": 0
    }
}
2023-03-22 10:16:39 [INFO ] helpers.RequestHelper:sendRequest:47 Response body: {
    "book": {
        "author": "Новый автор",
        "id": 7,
        "isElectronicBook": true,
        "name": "Новое имя книги",
        "year": 1800
    }
}
2023-03-22 13:01:04 [INFO ] helpers.RequestHelper:sendRequest:47 Response body: {
    "error": "Book with id 1999 not found"
}
2023-03-22 13:01:04 [INFO ] helpers.RequestHelper:sendRequest:47 Response body: {
    "result": true
}
2023-03-22 13:01:04 [INFO ] helpers.RequestHelper:sendRequest:47 Response body: {
    "book": {
        "author": "Роберт Мартин",
        "id": 1,
        "isElectronicBook": false,
        "name": "Чистый код",
        "year": 1998
    }
}
2023-03-22 13:01:04 [INFO ] helpers.RequestHelper:sendRequest:47 Response body: {
    "error": "Book with id 1555 not found"
}
2023-03-22 13:01:05 [INFO ] helpers.RequestHelper:sendRequest:47 Response body: <html lang="en">
  <head>
    <title>404 Not Found</title>
  </head>
  <body>
    <h1>Not Found</h1>
    <p>The requested URL was not found on the server. If you entered the URL manually please check your spelling and try again.</p>
  </body>
</html>
2023-03-22 13:01:05 [INFO ] helpers.RequestHelper:sendRequest:47 Response body: {
    "books": [
        {
            "author": "Роберт Мартин",
            "id": 1,
            "isElectronicBook": false,
            "name": "Чистый код",
            "year": 1998
        },
        {
            "author": "Томас Кормен, Чарльз Лейзерсон",
            "id": 2,
            "isElectronicBook": true,
            "name": "Алгоритмы: построение и анализ",
            "year": 1989
        },
        {
            "author": null,
            "id": 4,
            "isElectronicBook": false,
            "name": "Теория всего",
            "year": 0
        },
        {
            "author": null,
            "id": 5,
            "isElectronicBook": false,
            "name": "Теория всего",
            "year": 0
        },
        {
            "author": "Иван Петров",
            "id": 6,
            "isElectronicBook": false,
            "name": "Рандомная книга",
            "year": 1999
        },
        {
            "author": "Новый автор",
            "id": 7,
            "isElectronicBook": true,
            "name": "Новое имя книги",
            "year": 1800
        },
        {
            "author": "HHHHIII",
            "id": 8,
            "isElectronicBook": false,
            "name": "Рандомная книга",
            "year": -1999
        },
        {
            "author": "HHHHIII",
            "id": 9,
            "isElectronicBook": false,
            "name": "English",
            "year": -1999
        },
        {
            "author": null,
            "id": 10,
            "isElectronicBook": false,
            "name": "Random Book",
            "year": 0
        },
        {
            "author": null,
            "id": 12,
            "isElectronicBook": false,
            "name": "Random Book",
            "year": -1999
        },
        {
            "author": null,
            "id": 13,
            "isElectronicBook": false,
            "name": "Random Book",
            "year": 0
        },
        {
            "author": null,
            "id": 14,
            "isElectronicBook": false,
            "name": "Random Book",
            "year": -1999
        },
        {
            "author": null,
            "id": 15,
            "isElectronicBook": false,
            "name": "Random Book",
            "year": 0
        },
        {
            "author": null,
            "id": 16,
            "isElectronicBook": false,
            "name": "",
            "year": 0
        },
        {
            "author": null,
            "id": 17,
            "isElectronicBook": false,
            "name": "Random Book",
            "year": 0
        },
        {
            "author": "Иван Петров",
            "id": 18,
            "isElectronicBook": true,
            "name": "Рандомная книга",
            "year": 1999
        },
        {
            "author": null,
            "id": 19,
            "isElectronicBook": false,
            "name": "Теория всего",
            "year": 0
        },
        {
            "author": null,
            "id": 20,
            "isElectronicBook": false,
            "name": "Random Book",
            "year": -1999
        },
        {
            "author": null,
            "id": 21,
            "isElectronicBook": false,
            "name": "Random Book",
            "year": 0
        },
        {
            "author": null,
            "id": 22,
            "isElectronicBook": false,
            "name": "",
            "year": 0
        },
        {
            "author": null,
            "id": 23,
            "isElectronicBook": false,
            "name": "Random Book",
            "year": 0
        },
        {
            "author": null,
            "id": 25,
            "isElectronicBook": false,
            "name": "Random Book",
            "year": 0
        },
        {
            "author": null,
            "id": 26,
            "isElectronicBook": false,
            "name": "",
            "year": 0
        },
        {
            "author": null,
            "id": 27,
            "isElectronicBook": false,
            "name": "Random Book",
            "year": 0
        },
        {
            "author": "Иван Петров",
            "id": 28,
            "isElectronicBook": true,
            "name": "Рандомная книга",
            "year": 1999
        },
        {
            "author": null,
            "id": 29,
            "isElectronicBook": false,
            "name": "Теория всего",
            "year": 0
        },
        {
            "author": null,
            "id": 30,
            "isElectronicBook": false,
            "name": "Random Book",
            "year": -1999
        },
        {
            "author": null,
            "id": 31,
            "isElectronicBook": false,
            "name": "Random Book",
            "year": 0
        },
        {
            "author": null,
            "id": 32,
            "isElectronicBook": false,
            "name": "",
            "year": 0
        },
        {
            "author": null,
            "id": 33,
            "isElectronicBook": false,
            "name": "Random Book",
            "year": 0
        },
        {
            "author": "Иван Петров",
            "id": 34,
            "isElectronicBook": true,
            "name": "Рандомная книга",
            "year": 1999
        },
        {
            "author": null,
            "id": 35,
            "isElectronicBook": false,
            "name": "Теория всего",
            "year": 0
        },
        {
            "author": null,
            "id": 36,
            "isElectronicBook": false,
            "name": "Random Book",
            "year": -1999
        },
        {
            "author": null,
            "id": 37,
            "isElectronicBook": false,
            "name": "Random Book",
            "year": 0
        },
        {
            "author": null,
            "id": 38,
            "isElectronicBook": false,
            "name": "",
            "year": 0
        },
        {
            "author": null,
            "id": 39,
            "isElectronicBook": false,
            "name": "Random Book",
            "year": 0
        },
        {
            "author": "Иван Петров",
            "id": 40,
            "isElectronicBook": true,
            "name": "Рандомная книга",
            "year": 1999
        },
        {
            "author": null,
            "id": 41,
            "isElectronicBook": false,
            "name": "Теория всего",
            "year": 0
        },
        {
            "author": null,
            "id": 42,
            "isElectronicBook": false,
            "name": "Random Book",
            "year": -1999
        },
        {
            "author": null,
            "id": 43,
            "isElectronicBook": false,
            "name": "Random Book",
            "year": 0
        },
        {
            "author": null,
            "id": 44,
            "isElectronicBook": false,
            "name": "",
            "year": 0
        },
        {
            "author": "Иван Петров",
            "id": 46,
            "isElectronicBook": true,
            "name": "Рандомная книга",
            "year": 1999
        },
        {
            "author": null,
            "id": 47,
            "isElectronicBook": false,
            "name": "Теория всего",
            "year": 0
        },
        {
            "author": null,
            "id": 48,
            "isElectronicBook": false,
            "name": "Random Book",
            "year": 0
        },
        {
            "author": null,
            "id": 49,
            "isElectronicBook": false,
            "name": "Random Book",
            "year": 0
        },
        {
            "author": "Иван Петров",
            "id": 50,
            "isElectronicBook": true,
            "name": "Рандомная книга",
            "year": 1999
        },
        {
            "author": null,
            "id": 51,
            "isElectronicBook": false,
            "name": "Теория всего",
            "year": 0
        },
        {
            "author": "Иван Петров",
            "id": 52,
            "isElectronicBook": true,
            "name": "Рандомная книга",
            "year": 1999
        },
        {
            "author": null,
            "id": 53,
            "isElectronicBook": false,
            "name": "Random Book",
            "year": 0
        }
    ]
}
2023-03-22 13:01:05 [INFO ] helpers.RequestHelper:sendRequest:47 Response body: {
    "book": {
        "author": null,
        "id": 54,
        "isElectronicBook": false,
        "name": "Теория всего",
        "year": 0
    }
}
2023-03-22 13:01:05 [INFO ] helpers.RequestHelper:sendRequest:47 Response body: {
    "book": {
        "author": null,
        "id": 55,
        "isElectronicBook": false,
        "name": "Теория всего",
        "year": 0
    }
}
2023-03-22 13:01:05 [INFO ] helpers.RequestHelper:sendRequest:47 Response body: {
    "book": {
        "author": null,
        "id": 56,
        "isElectronicBook": false,
        "name": "Random Book",
        "year": -1999
    }
}
2023-03-22 13:01:06 [INFO ] helpers.RequestHelper:sendRequest:47 Response body: <html lang="en">
  <head>
    <title>400 Bad Request</title>
  </head>
  <body>
    <h1>Bad Request</h1>
    <p>The browser (or proxy) sent a request that this server could not understand.</p>
  </body>
</html>
2023-03-22 13:01:06 [INFO ] helpers.RequestHelper:sendRequest:47 Response body: {
    "book": {
        "author": null,
        "id": 57,
        "isElectronicBook": false,
        "name": "Random Book",
        "year": 0
    }
}
2023-03-22 13:01:06 [INFO ] helpers.RequestHelper:sendRequest:47 Response body: {
    "book": {
        "author": null,
        "id": 58,
        "isElectronicBook": false,
        "name": "",
        "year": 0
    }
}
2023-03-22 13:01:06 [INFO ] helpers.RequestHelper:sendRequest:47 Response body: {
    "book": {
        "author": null,
        "id": 59,
        "isElectronicBook": false,
        "name": "Random Book",
        "year": 0
    }
}
2023-03-22 13:01:06 [INFO ] helpers.RequestHelper:sendRequest:47 Response body: {
    "book": {
        "author": "Иван Петров",
        "id": 60,
        "isElectronicBook": true,
        "name": "Рандомная книга",
        "year": 1999
    }
}
2023-03-22 13:01:06 [INFO ] helpers.RequestHelper:sendRequest:47 Response body: {
    "book": {
        "author": "Новый автор",
        "id": 7,
        "isElectronicBook": true,
        "name": "Новое имя книги",
        "year": 1800
    }
}
2023-03-22 13:01:06 [INFO ] helpers.RequestHelper:sendRequest:47 Response body: {
    "error": "Name must be String type (Unicode)"
}
2023-03-22 13:01:06 [INFO ] helpers.RequestHelper:sendRequest:47 Response body: {
    "book": {
        "author": "Новый автор",
        "id": 7,
        "isElectronicBook": false,
        "name": "Новое имя книги",
        "year": 1800
    }
}
2023-03-22 13:01:06 [INFO ] helpers.RequestHelper:sendRequest:47 Response body: {
    "book": {
        "author": "Новый автор",
        "id": 7,
        "isElectronicBook": true,
        "name": "Новое имя книги",
        "year": 0
    }
}
2023-03-22 13:01:07 [INFO ] helpers.RequestHelper:sendRequest:47 Response body: {
    "error": "Book with id 1999 not found"
}
2023-03-22 13:01:07 [INFO ] helpers.RequestHelper:sendRequest:47 Response body: {
    "error": "Author must be String type (Unicode)"
}
